<?xml version="1.0" encoding="UTF-8"?>
<testsuite name="com.mindex.challenge.service.impl.CompensationServiceImplTest" tests="11" skipped="0" failures="0" errors="0" timestamp="2026-04-23T02:35:44.080Z" hostname="LAPTOP-CV06CNUR" time="0.921">
  <properties/>
  <testcase name="testCreateCompensationNullEmployee" classname="com.mindex.challenge.service.impl.CompensationServiceImplTest" time="0.254"/>
  <testcase name="testCreateCompensationInvalidEmployee" classname="com.mindex.challenge.service.impl.CompensationServiceImplTest" time="0.033"/>
  <testcase name="testCreateCompensationInvalidDateFormat" classname="com.mindex.challenge.service.impl.CompensationServiceImplTest" time="0.024"/>
  <testcase name="testMultipleCompensationRecordsMostRecent" classname="com.mindex.challenge.service.impl.CompensationServiceImplTest" time="0.221"/>
  <testcase name="testCreateRead" classname="com.mindex.challenge.service.impl.CompensationServiceImplTest" time="0.127"/>
  <testcase name="testCreateCompensationNegativeSalary" classname="com.mindex.challenge.service.impl.CompensationServiceImplTest" time="0.019"/>
  <testcase name="testCreateCompensationValidDateFormat" classname="com.mindex.challenge.service.impl.CompensationServiceImplTest" time="0.044"/>
  <testcase name="testCreateCompensationZeroSalary" classname="com.mindex.challenge.service.impl.CompensationServiceImplTest" time="0.04"/>
  <testcase name="testCreateCompensationEmptyEffectiveDate" classname="com.mindex.challenge.service.impl.CompensationServiceImplTest" time="0.023"/>
  <testcase name="testReadCompensationNonExistent" classname="com.mindex.challenge.service.impl.CompensationServiceImplTest" time="0.101"/>
  <testcase name="testCreateCompensationNullEffectiveDate" classname="com.mindex.challenge.service.impl.CompensationServiceImplTest" time="0.017"/>
  <system-out><![CDATA[2026-04-22T22:35:44.062-04:00  INFO 19036 --- [    Test worker] t.c.s.AnnotationConfigContextLoaderUtils : Could not detect default configuration classes for test class [com.mindex.challenge.service.impl.CompensationServiceImplTest]: CompensationServiceImplTest does not declare any static, non-private, non-final, nested classes annotated with @Configuration.
2026-04-22T22:35:44.069-04:00  INFO 19036 --- [    Test worker] .b.t.c.SpringBootTestContextBootstrapper : Found @SpringBootConfiguration com.mindex.challenge.ChallengeApplication for test class com.mindex.challenge.service.impl.CompensationServiceImplTest
2026-04-22T22:35:44.320-04:00 ERROR 19036 --- [o-auto-1-exec-4] c.m.c.controller.GlobalExceptionHandler  : Validation error: Validation failed for argument [0] in public org.springframework.http.ResponseEntity<com.mindex.challenge.data.Compensation> com.mindex.challenge.controller.CompensationController.create(com.mindex.challenge.data.Compensation): [Field error in object 'compensation' on field 'employee': rejected value [null]; codes [NotNull.compensation.employee,NotNull.employee,NotNull.com.mindex.challenge.data.Employee,NotNull]; arguments [org.springframework.context.support.DefaultMessageSourceResolvable: codes [compensation.employee,employee]; arguments []; default message [employee]]; default message [Employee cannot be null]] 
2026-04-22T22:35:44.350-04:00 DEBUG 19036 --- [o-auto-1-exec-4] c.m.c.controller.CompensationController  : Received compensation create request for [com.mindex.challenge.data.Compensation@36f02247]
2026-04-22T22:35:44.351-04:00 DEBUG 19036 --- [o-auto-1-exec-4] c.m.c.s.impl.CompensationServiceImpl     : Creating compensation [com.mindex.challenge.data.Compensation@36f02247]
2026-04-22T22:35:44.352-04:00 DEBUG 19036 --- [o-auto-1-exec-4] c.m.c.service.impl.EmployeeServiceImpl   : Creating employee with id [non-existent-employee-id]
2026-04-22T22:35:44.360-04:00  WARN 19036 --- [o-auto-1-exec-4] c.m.c.service.impl.EmployeeServiceImpl   : Employee not found with id: non-existent-employee-id
2026-04-22T22:35:44.362-04:00 ERROR 19036 --- [o-auto-1-exec-4] c.m.c.controller.GlobalExceptionHandler  : Employee not found: Invalid employeeId: non-existent-employee-id
2026-04-22T22:35:44.383-04:00 ERROR 19036 --- [o-auto-1-exec-4] c.m.c.controller.GlobalExceptionHandler  : Validation error: Validation failed for argument [0] in public org.springframework.http.ResponseEntity<com.mindex.challenge.data.Compensation> com.mindex.challenge.controller.CompensationController.create(com.mindex.challenge.data.Compensation): [Field error in object 'compensation' on field 'effectiveDate': rejected value [04/19/2026]; codes [Pattern.compensation.effectiveDate,Pattern.effectiveDate,Pattern.java.lang.String,Pattern]; arguments [org.springframework.context.support.DefaultMessageSourceResolvable: codes [compensation.effectiveDate,effectiveDate]; arguments []; default message [effectiveDate],[Ljakarta.validation.constraints.Pattern$Flag;@12aaed64,\d{4}-\d{2}-\d{2}]; default message [Effective date must be in ISO-8601 format (YYYY-MM-DD)]] 
2026-04-22T22:35:44.409-04:00 DEBUG 19036 --- [o-auto-1-exec-6] c.m.c.controller.CompensationController  : Received compensation create request for [com.mindex.challenge.data.Compensation@3a844878]
2026-04-22T22:35:44.409-04:00 DEBUG 19036 --- [o-auto-1-exec-6] c.m.c.s.impl.CompensationServiceImpl     : Creating compensation [com.mindex.challenge.data.Compensation@3a844878]
2026-04-22T22:35:44.409-04:00 DEBUG 19036 --- [o-auto-1-exec-6] c.m.c.service.impl.EmployeeServiceImpl   : Creating employee with id [16a596ae-edd3-4847-99fe-c4518e82c86f]
2026-04-22T22:35:44.431-04:00  INFO 19036 --- [o-auto-1-exec-6] c.m.c.s.impl.CompensationServiceImpl     : Compensation created successfully for employee [16a596ae-edd3-4847-99fe-c4518e82c86f]
2026-04-22T22:35:44.450-04:00  INFO 19036 --- [-server-worker3] d.b.mongo.backend.AbstractMongoDatabase  : adding unique _id index for collection compensation
2026-04-22T22:35:44.452-04:00  INFO 19036 --- [-server-worker3] d.b.mongo.backend.AbstractMongoDatabase  : created collection test.compensation
2026-04-22T22:35:44.478-04:00 DEBUG 19036 --- [o-auto-1-exec-7] c.m.c.controller.CompensationController  : Received compensation create request for [com.mindex.challenge.data.Compensation@5100d01c]
2026-04-22T22:35:44.478-04:00 DEBUG 19036 --- [o-auto-1-exec-7] c.m.c.s.impl.CompensationServiceImpl     : Creating compensation [com.mindex.challenge.data.Compensation@5100d01c]
2026-04-22T22:35:44.478-04:00 DEBUG 19036 --- [o-auto-1-exec-7] c.m.c.service.impl.EmployeeServiceImpl   : Creating employee with id [16a596ae-edd3-4847-99fe-c4518e82c86f]
2026-04-22T22:35:44.491-04:00  INFO 19036 --- [o-auto-1-exec-7] c.m.c.s.impl.CompensationServiceImpl     : Compensation created successfully for employee [16a596ae-edd3-4847-99fe-c4518e82c86f]
2026-04-22T22:35:44.513-04:00 DEBUG 19036 --- [o-auto-1-exec-7] c.m.c.controller.CompensationController  : Received compensation read request for id [16a596ae-edd3-4847-99fe-c4518e82c86f]
2026-04-22T22:35:44.514-04:00 DEBUG 19036 --- [o-auto-1-exec-7] c.m.c.s.impl.CompensationServiceImpl     : Reading compensation for employee with id [16a596ae-edd3-4847-99fe-c4518e82c86f]
2026-04-22T22:35:44.543-04:00  INFO 19036 --- [o-auto-1-exec-7] c.m.c.s.impl.CompensationServiceImpl     : Compensation retrieved successfully for employee [16a596ae-edd3-4847-99fe-c4518e82c86f]
2026-04-22T22:35:44.646-04:00 DEBUG 19036 --- [o-auto-1-exec-7] c.m.c.controller.CompensationController  : Received compensation create request for [com.mindex.challenge.data.Compensation@d15d04d]
2026-04-22T22:35:44.648-04:00 DEBUG 19036 --- [o-auto-1-exec-7] c.m.c.s.impl.CompensationServiceImpl     : Creating compensation [com.mindex.challenge.data.Compensation@d15d04d]
2026-04-22T22:35:44.649-04:00 DEBUG 19036 --- [o-auto-1-exec-7] c.m.c.service.impl.EmployeeServiceImpl   : Creating employee with id [16a596ae-edd3-4847-99fe-c4518e82c86f]
2026-04-22T22:35:44.661-04:00  INFO 19036 --- [o-auto-1-exec-7] c.m.c.s.impl.CompensationServiceImpl     : Compensation created successfully for employee [16a596ae-edd3-4847-99fe-c4518e82c86f]
2026-04-22T22:35:44.692-04:00 DEBUG 19036 --- [o-auto-1-exec-7] c.m.c.controller.CompensationController  : Received compensation read request for id [16a596ae-edd3-4847-99fe-c4518e82c86f]
2026-04-22T22:35:44.693-04:00 DEBUG 19036 --- [o-auto-1-exec-7] c.m.c.s.impl.CompensationServiceImpl     : Reading compensation for employee with id [16a596ae-edd3-4847-99fe-c4518e82c86f]
2026-04-22T22:35:44.738-04:00  INFO 19036 --- [o-auto-1-exec-7] c.m.c.s.impl.CompensationServiceImpl     : Compensation retrieved successfully for employee [16a596ae-edd3-4847-99fe-c4518e82c86f]
2026-04-22T22:35:44.763-04:00 ERROR 19036 --- [o-auto-1-exec-8] c.m.c.controller.GlobalExceptionHandler  : Validation error: Validation failed for argument [0] in public org.springframework.http.ResponseEntity<com.mindex.challenge.data.Compensation> com.mindex.challenge.controller.CompensationController.create(com.mindex.challenge.data.Compensation): [Field error in object 'compensation' on field 'salary': rejected value [-50000.0]; codes [Positive.compensation.salary,Positive.salary,Positive.double,Positive]; arguments [org.springframework.context.support.DefaultMessageSourceResolvable: codes [compensation.salary,salary]; arguments []; default message [salary]]; default message [Salary must be a positive value]] 
2026-04-22T22:35:44.788-04:00 DEBUG 19036 --- [o-auto-1-exec-8] c.m.c.controller.CompensationController  : Received compensation create request for [com.mindex.challenge.data.Compensation@195a98db]
2026-04-22T22:35:44.788-04:00 DEBUG 19036 --- [o-auto-1-exec-8] c.m.c.s.impl.CompensationServiceImpl     : Creating compensation [com.mindex.challenge.data.Compensation@195a98db]
2026-04-22T22:35:44.790-04:00 DEBUG 19036 --- [o-auto-1-exec-8] c.m.c.service.impl.EmployeeServiceImpl   : Creating employee with id [16a596ae-edd3-4847-99fe-c4518e82c86f]
2026-04-22T22:35:44.800-04:00  INFO 19036 --- [o-auto-1-exec-8] c.m.c.s.impl.CompensationServiceImpl     : Compensation created successfully for employee [16a596ae-edd3-4847-99fe-c4518e82c86f]
2026-04-22T22:35:44.845-04:00 ERROR 19036 --- [-auto-1-exec-10] c.m.c.controller.GlobalExceptionHandler  : Validation error: Validation failed for argument [0] in public org.springframework.http.ResponseEntity<com.mindex.challenge.data.Compensation> com.mindex.challenge.controller.CompensationController.create(com.mindex.challenge.data.Compensation): [Field error in object 'compensation' on field 'salary': rejected value [0.0]; codes [Positive.compensation.salary,Positive.salary,Positive.double,Positive]; arguments [org.springframework.context.support.DefaultMessageSourceResolvable: codes [compensation.salary,salary]; arguments []; default message [salary]]; default message [Salary must be a positive value]] 
2026-04-22T22:35:44.873-04:00 ERROR 19036 --- [-auto-1-exec-10] c.m.c.controller.GlobalExceptionHandler  : Validation error: Validation failed for argument [0] in public org.springframework.http.ResponseEntity<com.mindex.challenge.data.Compensation> com.mindex.challenge.controller.CompensationController.create(com.mindex.challenge.data.Compensation) with 2 errors: [Field error in object 'compensation' on field 'effectiveDate': rejected value [   ]; codes [NotBlank.compensation.effectiveDate,NotBlank.effectiveDate,NotBlank.java.lang.String,NotBlank]; arguments [org.springframework.context.support.DefaultMessageSourceResolvable: codes [compensation.effectiveDate,effectiveDate]; arguments []; default message [effectiveDate]]; default message [Effective date cannot be blank]] [Field error in object 'compensation' on field 'effectiveDate': rejected value [   ]; codes [Pattern.compensation.effectiveDate,Pattern.effectiveDate,Pattern.java.lang.String,Pattern]; arguments [org.springframework.context.support.DefaultMessageSourceResolvable: codes [compensation.effectiveDate,effectiveDate]; arguments []; default message [effectiveDate],[Ljakarta.validation.constraints.Pattern$Flag;@12aaed64,\d{4}-\d{2}-\d{2}]; default message [Effective date must be in ISO-8601 format (YYYY-MM-DD)]] 
2026-04-22T22:35:44.904-04:00 DEBUG 19036 --- [o-auto-1-exec-2] c.m.c.controller.CompensationController  : Received compensation create request for [com.mindex.challenge.data.Compensation@2df531a3]
2026-04-22T22:35:44.904-04:00 DEBUG 19036 --- [o-auto-1-exec-2] c.m.c.s.impl.CompensationServiceImpl     : Creating compensation [com.mindex.challenge.data.Compensation@2df531a3]
2026-04-22T22:35:44.904-04:00 DEBUG 19036 --- [o-auto-1-exec-2] c.m.c.service.impl.EmployeeServiceImpl   : Creating employee with id [16a596ae-edd3-4847-99fe-c4518e82c86f]
2026-04-22T22:35:44.914-04:00  INFO 19036 --- [o-auto-1-exec-2] c.m.c.s.impl.CompensationServiceImpl     : Compensation created successfully for employee [16a596ae-edd3-4847-99fe-c4518e82c86f]
2026-04-22T22:35:44.936-04:00 DEBUG 19036 --- [o-auto-1-exec-2] c.m.c.controller.CompensationController  : Received compensation read request for id [16a596ae-edd3-4847-99fe-c4518e82c86f]
2026-04-22T22:35:44.936-04:00 DEBUG 19036 --- [o-auto-1-exec-2] c.m.c.s.impl.CompensationServiceImpl     : Reading compensation for employee with id [16a596ae-edd3-4847-99fe-c4518e82c86f]
2026-04-22T22:35:44.972-04:00  INFO 19036 --- [o-auto-1-exec-2] c.m.c.s.impl.CompensationServiceImpl     : Compensation retrieved successfully for employee [16a596ae-edd3-4847-99fe-c4518e82c86f]
2026-04-22T22:35:44.997-04:00 ERROR 19036 --- [o-auto-1-exec-3] c.m.c.controller.GlobalExceptionHandler  : Validation error: Validation failed for argument [0] in public org.springframework.http.ResponseEntity<com.mindex.challenge.data.Compensation> com.mindex.challenge.controller.CompensationController.create(com.mindex.challenge.data.Compensation): [Field error in object 'compensation' on field 'effectiveDate': rejected value [null]; codes [NotBlank.compensation.effectiveDate,NotBlank.effectiveDate,NotBlank.java.lang.String,NotBlank]; arguments [org.springframework.context.support.DefaultMessageSourceResolvable: codes [compensation.effectiveDate,effectiveDate]; arguments []; default message [effectiveDate]]; default message [Effective date cannot be blank]] 
]]></system-out>
  <system-err><![CDATA[]]></system-err>
</testsuite>
